
> chadcn@0.1.0 build /Users/igorchugurov/Documents/GitHub/OUR-pack/axon-dashboard
> next build --turbopack

   ▲ Next.js 15.5.6 (Turbopack)
   - Environments: .env.local, .env

   Creating an optimized production build ...
 ✓ Finished writing to disk in 277ms
 ✓ Compiled successfully in 13.0s
   Linting and checking validity of types ...

./app/layout.tsx
68:17  Warning: Unexpected any. Specify a different type.  @typescript-eslint/no-explicit-any

./app/profile/page.tsx
25:11  Warning: 'displayRole' is assigned a value but never used.  @typescript-eslint/no-unused-vars

./app/projects/[projectId]/[entityDefId]/RelationSelect.tsx
17:12  Warning: '_fieldId' is defined but never used.  @typescript-eslint/no-unused-vars

./app/projects/[projectId]/[entityDefId]/[instanceId]/page.tsx
93:34  Warning: Unexpected any. Specify a different type.  @typescript-eslint/no-explicit-any

./app/projects/[projectId]/[entityDefId]/fields/[fieldId]/page.tsx
24:3  Warning: 'searchParams' is defined but never used.  @typescript-eslint/no-unused-vars

./app/projects/[projectId]/[entityDefId]/fields/new/page.tsx
20:3  Warning: 'searchParams' is defined but never used.  @typescript-eslint/no-unused-vars

./app/projects/[projectId]/settings/ProjectSettingsTab.tsx
11:14  Warning: '_projectId' is defined but never used.  @typescript-eslint/no-unused-vars

./components/AppSidebar.tsx
25:3  Warning: 'SidebarMenuSub' is defined but never used.  @typescript-eslint/no-unused-vars
26:3  Warning: 'SidebarMenuSubButton' is defined but never used.  @typescript-eslint/no-unused-vars
27:3  Warning: 'SidebarMenuSubItem' is defined but never used.  @typescript-eslint/no-unused-vars

./components/UniversalEntityFormForFields.tsx
188:9  Warning: Unused eslint-disable directive (no problems were reported from '@typescript-eslint/no-explicit-any').
192:23  Warning: Unexpected any. Specify a different type.  @typescript-eslint/no-explicit-any
263:7  Warning: Unused eslint-disable directive (no problems were reported from '@typescript-eslint/no-explicit-any').
265:54  Warning: Unexpected any. Specify a different type.  @typescript-eslint/no-explicit-any

./components/UniversalEntityFormNew.tsx
177:9  Warning: Unused eslint-disable directive (no problems were reported from '@typescript-eslint/no-explicit-any').
181:23  Warning: Unexpected any. Specify a different type.  @typescript-eslint/no-explicit-any
252:7  Warning: Unused eslint-disable directive (no problems were reported from '@typescript-eslint/no-explicit-any').
254:54  Warning: Unexpected any. Specify a different type.  @typescript-eslint/no-explicit-any
309:56  Warning: Unexpected any. Specify a different type.  @typescript-eslint/no-explicit-any

./components/entity-definition/FieldForm.legacy.tsx
36:11  Warning: Unexpected any. Specify a different type.  @typescript-eslint/no-explicit-any
37:59  Warning: Unexpected any. Specify a different type.  @typescript-eslint/no-explicit-any
69:14  Warning: '_projectId' is defined but never used.  @typescript-eslint/no-unused-vars
147:27  Warning: Unexpected any. Specify a different type.  @typescript-eslint/no-explicit-any
218:47  Warning: Unexpected any. Specify a different type.  @typescript-eslint/no-explicit-any

./components/entity-definition/FieldForm.tsx
35:3  Warning: Unused eslint-disable directive (no problems were reported from '@typescript-eslint/no-explicit-any').
38:11  Warning: Unexpected any. Specify a different type.  @typescript-eslint/no-explicit-any
72:14  Warning: '_projectId' is defined but never used.  @typescript-eslint/no-unused-vars
150:9  Warning: Unused eslint-disable directive (no problems were reported from '@typescript-eslint/no-explicit-any').
152:27  Warning: Unexpected any. Specify a different type.  @typescript-eslint/no-explicit-any
223:3  Warning: Unused eslint-disable directive (no problems were reported from '@typescript-eslint/no-explicit-any').
225:47  Warning: Unexpected any. Specify a different type.  @typescript-eslint/no-explicit-any

./components/entity-definition/FieldFormNew.legacy.tsx
57:45  Warning: Unexpected any. Specify a different type.  @typescript-eslint/no-explicit-any
96:56  Warning: Unexpected any. Specify a different type.  @typescript-eslint/no-explicit-any
135:28  Warning: Unexpected any. Specify a different type.  @typescript-eslint/no-explicit-any
203:54  Warning: Unexpected any. Specify a different type.  @typescript-eslint/no-explicit-any
251:33  Warning: Unexpected any. Specify a different type.  @typescript-eslint/no-explicit-any

./components/entity-definition/FieldFormNew.tsx
96:56  Warning: Unexpected any. Specify a different type.  @typescript-eslint/no-explicit-any
203:54  Warning: Unexpected any. Specify a different type.  @typescript-eslint/no-explicit-any

./components/projects/ProjectIdDisplay.tsx
29:14  Warning: 'error' is defined but never used.  @typescript-eslint/no-unused-vars

./components/universal-entity-list/ProjectsListClient.tsx
125:15  Warning: Unexpected any. Specify a different type.  @typescript-eslint/no-explicit-any

./components/universal-entity-list/UniversalEntityListClient.tsx
127:15  Warning: Unexpected any. Specify a different type.  @typescript-eslint/no-explicit-any

./components/universal-entity-list/UniversalEntityListDataTable.tsx
74:3  Warning: 'onEdit' is defined but never used.  @typescript-eslint/no-unused-vars
75:3  Warning: 'onDelete' is defined but never used.  @typescript-eslint/no-unused-vars
76:3  Warning: 'onLink' is defined but never used.  @typescript-eslint/no-unused-vars

./components/universal-entity-list/hooks/use-list-params.ts
42:3  Warning: 'projectId' is defined but never used.  @typescript-eslint/no-unused-vars
43:3  Warning: 'serviceType' is defined but never used.  @typescript-eslint/no-unused-vars

./lib/admins/client-service.ts
446:10  Warning: Unexpected any. Specify a different type.  @typescript-eslint/no-explicit-any

./lib/entity-service/base.ts
37:27  Warning: Unexpected any. Specify a different type.  @typescript-eslint/no-explicit-any
37:69  Warning: Unexpected any. Specify a different type.  @typescript-eslint/no-explicit-any
60:37  Warning: Unexpected any. Specify a different type.  @typescript-eslint/no-explicit-any
60:65  Warning: Unexpected any. Specify a different type.  @typescript-eslint/no-explicit-any
94:12  Warning: Unexpected any. Specify a different type.  @typescript-eslint/no-explicit-any
96:14  Warning: Unexpected any. Specify a different type.  @typescript-eslint/no-explicit-any
163:12  Warning: Unexpected any. Specify a different type.  @typescript-eslint/no-explicit-any
165:14  Warning: Unexpected any. Specify a different type.  @typescript-eslint/no-explicit-any

./lib/entity-service/types.ts
13:10  Warning: Unexpected any. Specify a different type.  @typescript-eslint/no-explicit-any

./lib/environments/transformers.ts
12:43  Warning: Unexpected any. Specify a different type.  @typescript-eslint/no-explicit-any

./lib/form-generation/components/FormWithSectionsForFields.tsx
161:45  Warning: Unexpected any. Specify a different type.  @typescript-eslint/no-explicit-any

./lib/form-generation/components/inputs-shadcn/InputArrayShadcn.tsx
71:25  Warning: Unexpected any. Specify a different type.  @typescript-eslint/no-explicit-any
110:47  Warning: Unexpected any. Specify a different type.  @typescript-eslint/no-explicit-any

./lib/form-generation/components/inputs-shadcn/InputDateShadcn.tsx
37:44  Warning: Unexpected any. Specify a different type.  @typescript-eslint/no-explicit-any

./lib/form-generation/utils/createSchema.ts
12:65  Warning: Unexpected any. Specify a different type.  @typescript-eslint/no-explicit-any
100:28  Warning: Unexpected any. Specify a different type.  @typescript-eslint/no-explicit-any
104:28  Warning: Unexpected any. Specify a different type.  @typescript-eslint/no-explicit-any
104:67  Warning: Unexpected any. Specify a different type.  @typescript-eslint/no-explicit-any
138:17  Warning: Unexpected any. Specify a different type.  @typescript-eslint/no-explicit-any

./lib/form-generation/utils/generateUIConfig.ts
237:45  Warning: Unexpected any. Specify a different type.  @typescript-eslint/no-explicit-any
261:40  Warning: Unexpected any. Specify a different type.  @typescript-eslint/no-explicit-any
262:39  Warning: Unexpected any. Specify a different type.  @typescript-eslint/no-explicit-any
263:12  Warning: Unexpected any. Specify a different type.  @typescript-eslint/no-explicit-any
266:36  Warning: Unexpected any. Specify a different type.  @typescript-eslint/no-explicit-any

./lib/projects/supabase.ts
59:36  Warning: Unexpected any. Specify a different type.  @typescript-eslint/no-explicit-any
149:34  Warning: Unexpected any. Specify a different type.  @typescript-eslint/no-explicit-any
309:26  Warning: Unexpected any. Specify a different type.  @typescript-eslint/no-explicit-any
309:42  Warning: Unexpected any. Specify a different type.  @typescript-eslint/no-explicit-any
313:33  Warning: Unexpected any. Specify a different type.  @typescript-eslint/no-explicit-any

./lib/projects/transformers.ts
14:39  Warning: Unexpected any. Specify a different type.  @typescript-eslint/no-explicit-any

./lib/server-data/base.ts
59:20  Warning: '_' is defined but never used.  @typescript-eslint/no-unused-vars

./lib/storage/file-service.ts
222:12  Warning: Unexpected any. Specify a different type.  @typescript-eslint/no-explicit-any
302:12  Warning: Unexpected any. Specify a different type.  @typescript-eslint/no-explicit-any
354:12  Warning: Unexpected any. Specify a different type.  @typescript-eslint/no-explicit-any

./lib/universal-entity/config-loader.ts
9:46  Warning: Unexpected any. Specify a different type.  @typescript-eslint/no-explicit-any

./lib/universal-entity/config-service.ts
341:28  Warning: Unexpected any. Specify a different type.  @typescript-eslint/no-explicit-any

./lib/universal-entity/entity-definition-client-service.ts
14:41  Warning: Unexpected any. Specify a different type.  @typescript-eslint/no-explicit-any
248:10  Warning: Unexpected any. Specify a different type.  @typescript-eslint/no-explicit-any
283:3  Warning: Unused eslint-disable directive (no problems were reported from '@typescript-eslint/no-explicit-any').
285:36  Warning: Unexpected any. Specify a different type.  @typescript-eslint/no-explicit-any

./lib/universal-entity/entity-definition-service.ts
125:10  Warning: Unexpected any. Specify a different type.  @typescript-eslint/no-explicit-any
172:33  Warning: Unexpected any. Specify a different type.  @typescript-eslint/no-explicit-any
192:24  Warning: Unexpected any. Specify a different type.  @typescript-eslint/no-explicit-any
448:12  Warning: Unexpected any. Specify a different type.  @typescript-eslint/no-explicit-any
513:10  Warning: Unexpected any. Specify a different type.  @typescript-eslint/no-explicit-any
586:33  Warning: Unexpected any. Specify a different type.  @typescript-eslint/no-explicit-any
606:24  Warning: Unexpected any. Specify a different type.  @typescript-eslint/no-explicit-any
718:26  Warning: '_removed' is assigned a value but never used.  @typescript-eslint/no-unused-vars
756:29  Warning: Unexpected any. Specify a different type.  @typescript-eslint/no-explicit-any
826:41  Warning: Unexpected any. Specify a different type.  @typescript-eslint/no-explicit-any
851:30  Warning: Unexpected any. Specify a different type.  @typescript-eslint/no-explicit-any

./lib/universal-entity/field-client-service.ts
14:30  Warning: Unexpected any. Specify a different type.  @typescript-eslint/no-explicit-any
297:12  Warning: Unexpected any. Specify a different type.  @typescript-eslint/no-explicit-any
360:10  Warning: Unexpected any. Specify a different type.  @typescript-eslint/no-explicit-any
421:3  Warning: Unused eslint-disable directive (no problems were reported from '@typescript-eslint/no-explicit-any').
423:39  Warning: Unexpected any. Specify a different type.  @typescript-eslint/no-explicit-any

./lib/universal-entity/list-service-factory.ts
123:3  Warning: '_projectId' is defined but never used.  @typescript-eslint/no-unused-vars

./lib/universal-entity/table-column-generator.tsx
18:47  Warning: Unexpected any. Specify a different type.  @typescript-eslint/no-explicit-any
58:10  Warning: Unexpected any. Specify a different type.  @typescript-eslint/no-explicit-any
77:17  Warning: Unexpected any. Specify a different type.  @typescript-eslint/no-explicit-any
152:54  Warning: Unexpected any. Specify a different type.  @typescript-eslint/no-explicit-any
187:52  Warning: Unexpected any. Specify a different type.  @typescript-eslint/no-explicit-any

info  - Need to disable some ESLint rules? Learn more here: https://nextjs.org/docs/app/api-reference/config/eslint#disabling-rules
Failed to compile.

./components/entity-definition/FieldFormNew.tsx:61:9
Type error: Type 'FieldValue' is not assignable to type 'string'.
  Type 'undefined' is not assignable to type 'string'.

[0m [90m 59 |[39m       [36mreturn[39m createFieldFromClient({
 [90m 60 |[39m         entityDefinitionId[33m,[39m
[31m[1m>[22m[39m[90m 61 |[39m         name[33m:[39m data[33m.[39mname[33m,[39m
 [90m    |[39m         [31m[1m^[22m[39m
 [90m 62 |[39m         dbType[33m:[39m data[33m.[39mdbType[33m,[39m
 [90m 63 |[39m         type[33m:[39m data[33m.[39mtype[33m,[39m
 [90m 64 |[39m         label[33m:[39m data[33m.[39mlabel[33m,[39m[0m
Next.js build worker exited with code: 1 and signal: null
 ELIFECYCLE  Command failed with exit code 1.
